{
  "RSpec": {
    "coverage": {
      "/Users/apprentice/dbc_overflow/app/helpers/application_helper.rb": [
        1,
        null
      ],
      "/Users/apprentice/dbc_overflow/app/controllers/questions_controller.rb": [
        1,
        null,
        1,
        0,
        null,
        null,
        1,
        0,
        null,
        null,
        1,
        0,
        null,
        0,
        0,
        null,
        0,
        null,
        null,
        null,
        1,
        0,
        null,
        null,
        1,
        null,
        null,
        1,
        null,
        null,
        1,
        null,
        null,
        1,
        null,
        1,
        0,
        null,
        null
      ],
      "/Users/apprentice/dbc_overflow/app/controllers/application_controller.rb": [
        1,
        null,
        null,
        1,
        null
      ],
      "/Users/apprentice/dbc_overflow/app/controllers/welcome_controller.rb": [
        1,
        null
      ],
      "/Users/apprentice/dbc_overflow/app/models/answer.rb": [
        1,
        1,
        1,
        1,
        1,
        null,
        1,
        null,
        1,
        null,
        null,
        null
      ],
      "/Users/apprentice/dbc_overflow/app/models/comment.rb": [
        1,
        1,
        1,
        null,
        null
      ],
      "/Users/apprentice/dbc_overflow/app/models/question.rb": [
        1,
        1,
        1,
        1,
        1,
        1,
        1,
        null,
        1,
        null,
        null,
        null
      ],
      "/Users/apprentice/dbc_overflow/app/models/question_tag.rb": [
        1,
        1,
        1,
        null
      ],
      "/Users/apprentice/dbc_overflow/app/models/tag.rb": [
        1,
        1,
        1,
        null
      ],
      "/Users/apprentice/dbc_overflow/app/models/user.rb": [
        1,
        1,
        null,
        1,
        1,
        1,
        1,
        1,
        null,
        null
      ],
      "/Users/apprentice/dbc_overflow/app/models/vote.rb": [
        1,
        1,
        1,
        1,
        1,
        null
      ]
    },
    "timestamp": 1426711245
  }
}
